<?xml version="1.0" encoding="UTF-8"?>
<!-- Generated by org.testng.reporters.JUnitXMLReporter -->
<testsuite ignored="0" hostname="master" failures="0" tests="6" name="GoogleSearchTest" time="36.296" errors="0" timestamp="2021-09-05T19:01:47 EDT">
  <testcase classname="com.test.LoginTest" name="loginTest" time="2.622"/>
  <testcase classname="com.test.LoginTest" name="loginTest" time="0.054"/>
  <testcase classname="com.test.LoginTest" name="loginTest" time="0.022"/>
  <testcase classname="com.test.LoginTest" name="loginTest" time="2.393"/>
  <testcase classname="com.test.LoginTest" name="loginTest" time="2.398"/>
  <testcase classname="com.test.LoginTest" name="loginTest" time="0.045"/>
</testsuite> <!-- GoogleSearchTest -->
