<?xml version="1.0" encoding="UTF-8"?>
<testng-results ignored="0" total="6" passed="6" failed="0" skipped="0">
  <reporter-output>
  </reporter-output>
  <suite started-at="2021-09-05T19:01:10 EDT" name="TestRunner" finished-at="2021-09-05T19:01:47 EDT" duration-ms="36296">
    <groups>
    </groups>
    <test started-at="2021-09-05T19:01:10 EDT" name="GoogleSearchTest" finished-at="2021-09-05T19:01:47 EDT" duration-ms="36296">
      <class name="com.test.LoginTest">
        <test-method is-config="true" signature="getTestData()[pri:0, instance:com.test.LoginTest@7995092a]" started-at="2021-09-05T19:01:10 EDT" name="getTestData" finished-at="2021-09-05T19:01:11 EDT" duration-ms="249" status="PASS">
          <reporter-output>
          </reporter-output>
        </test-method> <!-- getTestData -->
        <test-method is-config="true" signature="browserSetup()[pri:0, instance:com.test.LoginTest@7995092a]" started-at="2021-09-05T19:01:11 EDT" name="browserSetup" finished-at="2021-09-05T19:01:17 EDT" duration-ms="6161" status="PASS">
          <reporter-output>
          </reporter-output>
        </test-method> <!-- browserSetup -->
        <test-method signature="loginTest(java.lang.String,java.lang.String)[pri:0, instance:com.test.LoginTest@7995092a]" started-at="2021-09-05T19:01:17 EDT" name="loginTest" data-provider="loginData" finished-at="2021-09-05T19:01:20 EDT" duration-ms="2622" status="PASS">
          <params>
            <param index="0">
              <value>
                <![CDATA[Admin]]>
              </value>
            </param>
            <param index="1">
              <value>
                <![CDATA[admin123]]>
              </value>
            </param>
          </params>
          <reporter-output>
          </reporter-output>
        </test-method> <!-- loginTest -->
        <test-method is-config="true" signature="testResult(org.testng.ITestResult)[pri:0, instance:com.test.LoginTest@7995092a]" started-at="2021-09-05T19:01:20 EDT" name="testResult" finished-at="2021-09-05T19:01:20 EDT" duration-ms="435" status="PASS">
          <params>
            <param index="0">
              <value>
                <![CDATA[[TestResult name=loginTest status=SUCCESS method=LoginTest.loginTest(java.lang.String,java.lang.String)[pri:0, instance:com.test.LoginTest@7995092a] output={null}]]]>
              </value>
            </param>
          </params>
          <reporter-output>
          </reporter-output>
        </test-method> <!-- testResult -->
        <test-method is-config="true" signature="browserSetup()[pri:0, instance:com.test.LoginTest@7995092a]" started-at="2021-09-05T19:01:20 EDT" name="browserSetup" finished-at="2021-09-05T19:01:24 EDT" duration-ms="3345" status="PASS">
          <reporter-output>
          </reporter-output>
        </test-method> <!-- browserSetup -->
        <test-method signature="loginTest(java.lang.String,java.lang.String)[pri:0, instance:com.test.LoginTest@7995092a]" started-at="2021-09-05T19:01:24 EDT" name="loginTest" data-provider="loginData" finished-at="2021-09-05T19:01:24 EDT" duration-ms="54" status="PASS">
          <params>
            <param index="0">
              <value>
                <![CDATA[Admin]]>
              </value>
            </param>
            <param index="1">
              <value>
                <![CDATA[admin123]]>
              </value>
            </param>
          </params>
          <reporter-output>
          </reporter-output>
        </test-method> <!-- loginTest -->
        <test-method is-config="true" signature="testResult(org.testng.ITestResult)[pri:0, instance:com.test.LoginTest@7995092a]" started-at="2021-09-05T19:01:24 EDT" name="testResult" finished-at="2021-09-05T19:01:24 EDT" duration-ms="112" status="PASS">
          <params>
            <param index="0">
              <value>
                <![CDATA[[TestResult name=loginTest status=SUCCESS method=LoginTest.loginTest(java.lang.String,java.lang.String)[pri:0, instance:com.test.LoginTest@7995092a] output={null}]]]>
              </value>
            </param>
          </params>
          <reporter-output>
          </reporter-output>
        </test-method> <!-- testResult -->
        <test-method is-config="true" signature="browserSetup()[pri:0, instance:com.test.LoginTest@7995092a]" started-at="2021-09-05T19:01:24 EDT" name="browserSetup" finished-at="2021-09-05T19:01:28 EDT" duration-ms="3754" status="PASS">
          <reporter-output>
          </reporter-output>
        </test-method> <!-- browserSetup -->
        <test-method signature="loginTest(java.lang.String,java.lang.String)[pri:0, instance:com.test.LoginTest@7995092a]" started-at="2021-09-05T19:01:28 EDT" name="loginTest" data-provider="loginData" finished-at="2021-09-05T19:01:28 EDT" duration-ms="22" status="PASS">
          <params>
            <param index="0">
              <value>
                <![CDATA[Admin]]>
              </value>
            </param>
            <param index="1">
              <value>
                <![CDATA[admin123]]>
              </value>
            </param>
          </params>
          <reporter-output>
          </reporter-output>
        </test-method> <!-- loginTest -->
        <test-method is-config="true" signature="testResult(org.testng.ITestResult)[pri:0, instance:com.test.LoginTest@7995092a]" started-at="2021-09-05T19:01:28 EDT" name="testResult" finished-at="2021-09-05T19:01:28 EDT" duration-ms="93" status="PASS">
          <params>
            <param index="0">
              <value>
                <![CDATA[[TestResult name=loginTest status=SUCCESS method=LoginTest.loginTest(java.lang.String,java.lang.String)[pri:0, instance:com.test.LoginTest@7995092a] output={null}]]]>
              </value>
            </param>
          </params>
          <reporter-output>
          </reporter-output>
        </test-method> <!-- testResult -->
        <test-method is-config="true" signature="browserSetup()[pri:0, instance:com.test.LoginTest@7995092a]" started-at="2021-09-05T19:01:28 EDT" name="browserSetup" finished-at="2021-09-05T19:01:31 EDT" duration-ms="3630" status="PASS">
          <reporter-output>
          </reporter-output>
        </test-method> <!-- browserSetup -->
        <test-method signature="loginTest(java.lang.String,java.lang.String)[pri:0, instance:com.test.LoginTest@7995092a]" started-at="2021-09-05T19:01:31 EDT" name="loginTest" data-provider="loginData" finished-at="2021-09-05T19:01:34 EDT" duration-ms="2393" status="PASS">
          <params>
            <param index="0">
              <value>
                <![CDATA[Admin]]>
              </value>
            </param>
            <param index="1">
              <value>
                <![CDATA[admin123]]>
              </value>
            </param>
          </params>
          <reporter-output>
          </reporter-output>
        </test-method> <!-- loginTest -->
        <test-method is-config="true" signature="testResult(org.testng.ITestResult)[pri:0, instance:com.test.LoginTest@7995092a]" started-at="2021-09-05T19:01:34 EDT" name="testResult" finished-at="2021-09-05T19:01:34 EDT" duration-ms="72" status="PASS">
          <params>
            <param index="0">
              <value>
                <![CDATA[[TestResult name=loginTest status=SUCCESS method=LoginTest.loginTest(java.lang.String,java.lang.String)[pri:0, instance:com.test.LoginTest@7995092a] output={null}]]]>
              </value>
            </param>
          </params>
          <reporter-output>
          </reporter-output>
        </test-method> <!-- testResult -->
        <test-method is-config="true" signature="browserSetup()[pri:0, instance:com.test.LoginTest@7995092a]" started-at="2021-09-05T19:01:34 EDT" name="browserSetup" finished-at="2021-09-05T19:01:39 EDT" duration-ms="4781" status="PASS">
          <reporter-output>
          </reporter-output>
        </test-method> <!-- browserSetup -->
        <test-method signature="loginTest(java.lang.String,java.lang.String)[pri:0, instance:com.test.LoginTest@7995092a]" started-at="2021-09-05T19:01:39 EDT" name="loginTest" data-provider="loginData" finished-at="2021-09-05T19:01:41 EDT" duration-ms="2398" status="PASS">
          <params>
            <param index="0">
              <value>
                <![CDATA[Admin]]>
              </value>
            </param>
            <param index="1">
              <value>
                <![CDATA[admin123]]>
              </value>
            </param>
          </params>
          <reporter-output>
          </reporter-output>
        </test-method> <!-- loginTest -->
        <test-method is-config="true" signature="testResult(org.testng.ITestResult)[pri:0, instance:com.test.LoginTest@7995092a]" started-at="2021-09-05T19:01:41 EDT" name="testResult" finished-at="2021-09-05T19:01:41 EDT" duration-ms="68" status="PASS">
          <params>
            <param index="0">
              <value>
                <![CDATA[[TestResult name=loginTest status=SUCCESS method=LoginTest.loginTest(java.lang.String,java.lang.String)[pri:0, instance:com.test.LoginTest@7995092a] output={null}]]]>
              </value>
            </param>
          </params>
          <reporter-output>
          </reporter-output>
        </test-method> <!-- testResult -->
        <test-method is-config="true" signature="browserSetup()[pri:0, instance:com.test.LoginTest@7995092a]" started-at="2021-09-05T19:01:41 EDT" name="browserSetup" finished-at="2021-09-05T19:01:46 EDT" duration-ms="5381" status="PASS">
          <reporter-output>
          </reporter-output>
        </test-method> <!-- browserSetup -->
        <test-method signature="loginTest(java.lang.String,java.lang.String)[pri:0, instance:com.test.LoginTest@7995092a]" started-at="2021-09-05T19:01:46 EDT" name="loginTest" data-provider="loginData" finished-at="2021-09-05T19:01:47 EDT" duration-ms="45" status="PASS">
          <params>
            <param index="0">
              <value is-null="true"/>
            </param>
            <param index="1">
              <value is-null="true"/>
            </param>
          </params>
          <reporter-output>
          </reporter-output>
        </test-method> <!-- loginTest -->
        <test-method is-config="true" signature="testResult(org.testng.ITestResult)[pri:0, instance:com.test.LoginTest@7995092a]" started-at="2021-09-05T19:01:47 EDT" name="testResult" finished-at="2021-09-05T19:01:47 EDT" duration-ms="67" status="PASS">
          <params>
            <param index="0">
              <value>
                <![CDATA[[TestResult name=loginTest status=SUCCESS method=LoginTest.loginTest(java.lang.String,java.lang.String)[pri:0, instance:com.test.LoginTest@7995092a] output={null}]]]>
              </value>
            </param>
          </params>
          <reporter-output>
          </reporter-output>
        </test-method> <!-- testResult -->
        <test-method is-config="true" signature="tearDown()[pri:0, instance:com.test.LoginTest@7995092a]" started-at="2021-09-05T19:01:47 EDT" name="tearDown" finished-at="2021-09-05T19:01:47 EDT" duration-ms="75" status="PASS">
          <reporter-output>
          </reporter-output>
        </test-method> <!-- tearDown -->
      </class> <!-- com.test.LoginTest -->
    </test> <!-- GoogleSearchTest -->
  </suite> <!-- TestRunner -->
</testng-results>
